<?xml version="1.0" encoding="UTF-8"?>
<testsuites>
<testsuite timestamp="2026-09-23T02:20:54" hostname="MacBook-Pro.local" package="outstanding_tracker" id="0" name="cover" tests="25" errors="0" failures="0" time="0" skipped="14">
<properties>
<property name="os" value="Darwin"/>
<property name="expect" value="PASS"/>
<property name="status" value="PASS"/>
</properties>
<testcase classname="cover" name="build execution" time="0">
</testcase>
<testcase classname="cover" name="Property ASSERT in outstanding_tracker_formal at outstanding_tracker_formal.sv:100.7-100.36" time="0" type="ASSERT" location="outstanding_tracker_formal.sv:100.7-100.36" id="_witness_.check_assert_outstanding_tracker_formal_sv_100_142">
<skipped />
</testcase>
<testcase classname="cover" name="Property ASSERT in outstanding_tracker_formal at outstanding_tracker_formal.sv:101.7-101.41" time="0" type="ASSERT" location="outstanding_tracker_formal.sv:101.7-101.41" id="_witness_.check_assert_outstanding_tracker_formal_sv_101_144">
<skipped />
</testcase>
<testcase classname="cover" name="Property ASSERT in outstanding_tracker_formal at outstanding_tracker_formal.sv:102.7-102.58" time="0" type="ASSERT" location="outstanding_tracker_formal.sv:102.7-102.58" id="_witness_.check_assert_outstanding_tracker_formal_sv_102_146">
<skipped />
</testcase>
<testcase classname="cover" name="Property ASSERT in outstanding_tracker_formal at outstanding_tracker_formal.sv:81.7-81.39" time="0" type="ASSERT" location="outstanding_tracker_formal.sv:81.7-81.39" id="_witness_.check_assert_outstanding_tracker_formal_sv_81_90">
<skipped />
</testcase>
<testcase classname="cover" name="Property ASSERT in outstanding_tracker_formal at outstanding_tracker_formal.sv:82.7-82.46" time="0" type="ASSERT" location="outstanding_tracker_formal.sv:82.7-82.46" id="_witness_.check_assert_outstanding_tracker_formal_sv_82_92">
<skipped />
</testcase>
<testcase classname="cover" name="Property ASSERT in outstanding_tracker_formal at outstanding_tracker_formal.sv:83.7-83.82" time="0" type="ASSERT" location="outstanding_tracker_formal.sv:83.7-83.82" id="_witness_.check_assert_outstanding_tracker_formal_sv_83_94">
<skipped />
</testcase>
<testcase classname="cover" name="Property ASSERT in outstanding_tracker_formal at outstanding_tracker_formal.sv:84.7-84.55" time="0" type="ASSERT" location="outstanding_tracker_formal.sv:84.7-84.55" id="_witness_.check_assert_outstanding_tracker_formal_sv_84_100">
<skipped />
</testcase>
<testcase classname="cover" name="Property ASSERT in outstanding_tracker_formal at outstanding_tracker_formal.sv:85.7-85.74" time="0" type="ASSERT" location="outstanding_tracker_formal.sv:85.7-85.74" id="_witness_.check_assert_outstanding_tracker_formal_sv_85_103">
<skipped />
</testcase>
<testcase classname="cover" name="Property ASSERT in outstanding_tracker_formal at outstanding_tracker_formal.sv:86.7-86.72" time="0" type="ASSERT" location="outstanding_tracker_formal.sv:86.7-86.72" id="_witness_.check_assert_outstanding_tracker_formal_sv_86_107">
<skipped />
</testcase>
<testcase classname="cover" name="Property ASSERT in outstanding_tracker_formal at outstanding_tracker_formal.sv:87.7-87.50" time="0" type="ASSERT" location="outstanding_tracker_formal.sv:87.7-87.50" id="_witness_.check_assert_outstanding_tracker_formal_sv_87_111">
<skipped />
</testcase>
<testcase classname="cover" name="Property ASSERT in outstanding_tracker_formal at outstanding_tracker_formal.sv:88.7-88.54" time="0" type="ASSERT" location="outstanding_tracker_formal.sv:88.7-88.54" id="_witness_.check_assert_outstanding_tracker_formal_sv_88_115">
<skipped />
</testcase>
<testcase classname="cover" name="Property ASSERT in outstanding_tracker_formal at outstanding_tracker_formal.sv:89.7-89.48" time="0" type="ASSERT" location="outstanding_tracker_formal.sv:89.7-89.48" id="_witness_.check_assert_outstanding_tracker_formal_sv_89_118">
<skipped />
</testcase>
<testcase classname="cover" name="Property ASSERT in outstanding_tracker_formal at outstanding_tracker_formal.sv:97.5-97.39" time="0" type="ASSERT" location="outstanding_tracker_formal.sv:97.5-97.39" id="_witness_.check_assert_outstanding_tracker_formal_sv_97_137">
<skipped />
</testcase>
<testcase classname="cover" name="Property ASSERT in outstanding_tracker_formal at outstanding_tracker_formal.sv:98.5-98.49" time="0" type="ASSERT" location="outstanding_tracker_formal.sv:98.5-98.49" id="_witness_.check_assert_outstanding_tracker_formal_sv_98_139">
<skipped />
</testcase>
<testcase classname="cover" name="Property COVER in outstanding_tracker_formal at outstanding_tracker_formal.sv:105.5-105.38" time="0" type="COVER" location="outstanding_tracker_formal.sv:105.5-105.38" id="_witness_.check_cover_outstanding_tracker_formal_sv_105_150" tracefile="engine_0/trace0.vcd">
</testcase>
<testcase classname="cover" name="Property COVER in outstanding_tracker_formal at outstanding_tracker_formal.sv:106.5-106.38" time="0" type="COVER" location="outstanding_tracker_formal.sv:106.5-106.38" id="_witness_.check_cover_outstanding_tracker_formal_sv_106_152" tracefile="engine_0/trace2.vcd">
</testcase>
<testcase classname="cover" name="Property COVER in outstanding_tracker_formal at outstanding_tracker_formal.sv:107.5-107.38" time="0" type="COVER" location="outstanding_tracker_formal.sv:107.5-107.38" id="_witness_.check_cover_outstanding_tracker_formal_sv_107_154" tracefile="engine_0/trace6.vcd">
</testcase>
<testcase classname="cover" name="Property COVER in outstanding_tracker_formal at outstanding_tracker_formal.sv:108.5-108.38" time="0" type="COVER" location="outstanding_tracker_formal.sv:108.5-108.38" id="_witness_.check_cover_outstanding_tracker_formal_sv_108_156" tracefile="engine_0/trace7.vcd">
</testcase>
<testcase classname="cover" name="Property COVER in outstanding_tracker_formal at outstanding_tracker_formal.sv:109.5-109.38" time="0" type="COVER" location="outstanding_tracker_formal.sv:109.5-109.38" id="_witness_.check_cover_outstanding_tracker_formal_sv_109_158" tracefile="engine_0/trace8.vcd">
</testcase>
<testcase classname="cover" name="Property COVER in outstanding_tracker_formal at outstanding_tracker_formal.sv:110.5-110.31" time="0" type="COVER" location="outstanding_tracker_formal.sv:110.5-110.31" id="_witness_.check_cover_outstanding_tracker_formal_sv_110_160" tracefile="engine_0/trace4.vcd">
</testcase>
<testcase classname="cover" name="Property COVER in outstanding_tracker_formal at outstanding_tracker_formal.sv:111.5-111.31" time="0" type="COVER" location="outstanding_tracker_formal.sv:111.5-111.31" id="_witness_.check_cover_outstanding_tracker_formal_sv_111_161" tracefile="engine_0/trace1.vcd">
</testcase>
<testcase classname="cover" name="Property COVER in outstanding_tracker_formal at outstanding_tracker_formal.sv:112.5-112.66" time="0" type="COVER" location="outstanding_tracker_formal.sv:112.5-112.66" id="_witness_.check_cover_outstanding_tracker_formal_sv_112_162" tracefile="engine_0/trace3.vcd">
</testcase>
<testcase classname="cover" name="Property COVER in outstanding_tracker_formal at outstanding_tracker_formal.sv:113.5-113.98" time="0" type="COVER" location="outstanding_tracker_formal.sv:113.5-113.98" id="_witness_.check_cover_outstanding_tracker_formal_sv_113_166" tracefile="engine_0/trace5.vcd">
</testcase>
<testcase classname="cover" name="Property COVER in outstanding_tracker_formal at outstanding_tracker_formal.sv:114.5-114.87" time="0" type="COVER" location="outstanding_tracker_formal.sv:114.5-114.87" id="_witness_.check_cover_outstanding_tracker_formal_sv_114_172" tracefile="engine_0/trace9.vcd">
</testcase>
<testcase classname="cover" name="Property COVER in outstanding_tracker_formal at outstanding_tracker_formal.sv:115.5-115.33" time="0" type="COVER" location="outstanding_tracker_formal.sv:115.5-115.33" id="_witness_.check_cover_outstanding_tracker_formal_sv_115_177" tracefile="engine_0/trace10.vcd">
</testcase>
<system-out>SBY  2:20:53 [/Users/Dilan/Projects/fabric-under-pressure/results/raw/outstanding_tracker/formal_cover] Removing directory '/Users/Dilan/Projects/fabric-under-pressure/results/raw/outstanding_tracker/formal_cover'.
SBY  2:20:53 [/Users/Dilan/Projects/fabric-under-pressure/results/raw/outstanding_tracker/formal_cover] Copy '/Users/Dilan/Projects/fabric-under-pressure/formal/../rtl/axi_outstanding_tracker.sv' to '/Users/Dilan/Projects/fabric-under-pressure/results/raw/outstanding_tracker/formal_cover/src/axi_outstanding_tracker.sv'.
SBY  2:20:53 [/Users/Dilan/Projects/fabric-under-pressure/results/raw/outstanding_tracker/formal_cover] Copy '/Users/Dilan/Projects/fabric-under-pressure/formal/outstanding_tracker_formal.sv' to '/Users/Dilan/Projects/fabric-under-pressure/results/raw/outstanding_tracker/formal_cover/src/outstanding_tracker_formal.sv'.
SBY  2:20:53 [/Users/Dilan/Projects/fabric-under-pressure/results/raw/outstanding_tracker/formal_cover] engine_0: smtbmc
SBY  2:20:53 [/Users/Dilan/Projects/fabric-under-pressure/results/raw/outstanding_tracker/formal_cover] base: starting process &quot;cd /Users/Dilan/Projects/fabric-under-pressure/results/raw/outstanding_tracker/formal_cover/src; yosys -ql ../model/design.log ../model/design.ys&quot;
SBY  2:20:53 [/Users/Dilan/Projects/fabric-under-pressure/results/raw/outstanding_tracker/formal_cover] base: Warning: Replacing memory \ref_len with list of registers. See outstanding_tracker_formal.sv:55
SBY  2:20:53 [/Users/Dilan/Projects/fabric-under-pressure/results/raw/outstanding_tracker/formal_cover] base: Warning: Replacing memory \ref_target with list of registers. See outstanding_tracker_formal.sv:54
SBY  2:20:53 [/Users/Dilan/Projects/fabric-under-pressure/results/raw/outstanding_tracker/formal_cover] base: Warning: Replacing memory \len_table with list of registers. See axi_outstanding_tracker.sv:66
SBY  2:20:53 [/Users/Dilan/Projects/fabric-under-pressure/results/raw/outstanding_tracker/formal_cover] base: Warning: Replacing memory \target_table with list of registers. See axi_outstanding_tracker.sv:65
SBY  2:20:53 [/Users/Dilan/Projects/fabric-under-pressure/results/raw/outstanding_tracker/formal_cover] base: Warning: Drivers conflicting with a constant 1'0 driver:
SBY  2:20:53 [/Users/Dilan/Projects/fabric-under-pressure/results/raw/outstanding_tracker/formal_cover] base: port Q[0] of cell $procdff$2352 ($dff)
SBY  2:20:53 [/Users/Dilan/Projects/fabric-under-pressure/results/raw/outstanding_tracker/formal_cover] base: port Q[1] of cell $procdff$2352 ($dff)
SBY  2:20:53 [/Users/Dilan/Projects/fabric-under-pressure/results/raw/outstanding_tracker/formal_cover] base: port Q[2] of cell $procdff$2352 ($dff)
SBY  2:20:53 [/Users/Dilan/Projects/fabric-under-pressure/results/raw/outstanding_tracker/formal_cover] base: port Q[3] of cell $procdff$2352 ($dff)
SBY  2:20:53 [/Users/Dilan/Projects/fabric-under-pressure/results/raw/outstanding_tracker/formal_cover] base: port Q[5] of cell $procdff$2352 ($dff)
SBY  2:20:53 [/Users/Dilan/Projects/fabric-under-pressure/results/raw/outstanding_tracker/formal_cover] base: port Q[6] of cell $procdff$2352 ($dff)
SBY  2:20:53 [/Users/Dilan/Projects/fabric-under-pressure/results/raw/outstanding_tracker/formal_cover] base: port Q[7] of cell $procdff$2352 ($dff)
SBY  2:20:53 [/Users/Dilan/Projects/fabric-under-pressure/results/raw/outstanding_tracker/formal_cover] base: port Q[8] of cell $procdff$2352 ($dff)
SBY  2:20:53 [/Users/Dilan/Projects/fabric-under-pressure/results/raw/outstanding_tracker/formal_cover] base: port Q[9] of cell $procdff$2352 ($dff)
SBY  2:20:53 [/Users/Dilan/Projects/fabric-under-pressure/results/raw/outstanding_tracker/formal_cover] base: port Q[10] of cell $procdff$2352 ($dff)
SBY  2:20:53 [/Users/Dilan/Projects/fabric-under-pressure/results/raw/outstanding_tracker/formal_cover] base: port Q[11] of cell $procdff$2352 ($dff)
SBY  2:20:53 [/Users/Dilan/Projects/fabric-under-pressure/results/raw/outstanding_tracker/formal_cover] base: port Q[12] of cell $procdff$2352 ($dff)
SBY  2:20:53 [/Users/Dilan/Projects/fabric-under-pressure/results/raw/outstanding_tracker/formal_cover] base: port Q[13] of cell $procdff$2352 ($dff)
SBY  2:20:53 [/Users/Dilan/Projects/fabric-under-pressure/results/raw/outstanding_tracker/formal_cover] base: port Q[14] of cell $procdff$2352 ($dff)
SBY  2:20:53 [/Users/Dilan/Projects/fabric-under-pressure/results/raw/outstanding_tracker/formal_cover] base: port Q[15] of cell $procdff$2352 ($dff)
SBY  2:20:53 [/Users/Dilan/Projects/fabric-under-pressure/results/raw/outstanding_tracker/formal_cover] base: port Q[16] of cell $procdff$2352 ($dff)
SBY  2:20:53 [/Users/Dilan/Projects/fabric-under-pressure/results/raw/outstanding_tracker/formal_cover] base: port Q[17] of cell $procdff$2352 ($dff)
SBY  2:20:53 [/Users/Dilan/Projects/fabric-under-pressure/results/raw/outstanding_tracker/formal_cover] base: port Q[18] of cell $procdff$2352 ($dff)
SBY  2:20:53 [/Users/Dilan/Projects/fabric-under-pressure/results/raw/outstanding_tracker/formal_cover] base: port Q[19] of cell $procdff$2352 ($dff)
SBY  2:20:53 [/Users/Dilan/Projects/fabric-under-pressure/results/raw/outstanding_tracker/formal_cover] base: port Q[20] of cell $procdff$2352 ($dff)
SBY  2:20:53 [/Users/Dilan/Projects/fabric-under-pressure/results/raw/outstanding_tracker/formal_cover] base: port Q[21] of cell $procdff$2352 ($dff)
SBY  2:20:53 [/Users/Dilan/Projects/fabric-under-pressure/results/raw/outstanding_tracker/formal_cover] base: port Q[22] of cell $procdff$2352 ($dff)
SBY  2:20:53 [/Users/Dilan/Projects/fabric-under-pressure/results/raw/outstanding_tracker/formal_cover] base: port Q[23] of cell $procdff$2352 ($dff)
SBY  2:20:53 [/Users/Dilan/Projects/fabric-under-pressure/results/raw/outstanding_tracker/formal_cover] base: port Q[24] of cell $procdff$2352 ($dff)
SBY  2:20:53 [/Users/Dilan/Projects/fabric-under-pressure/results/raw/outstanding_tracker/formal_cover] base: port Q[25] of cell $procdff$2352 ($dff)
SBY  2:20:53 [/Users/Dilan/Projects/fabric-under-pressure/results/raw/outstanding_tracker/formal_cover] base: port Q[26] of cell $procdff$2352 ($dff)
SBY  2:20:53 [/Users/Dilan/Projects/fabric-under-pressure/results/raw/outstanding_tracker/formal_cover] base: port Q[27] of cell $procdff$2352 ($dff)
SBY  2:20:53 [/Users/Dilan/Projects/fabric-under-pressure/results/raw/outstanding_tracker/formal_cover] base: port Q[28] of cell $procdff$2352 ($dff)
SBY  2:20:53 [/Users/Dilan/Projects/fabric-under-pressure/results/raw/outstanding_tracker/formal_cover] base: port Q[29] of cell $procdff$2352 ($dff)
SBY  2:20:53 [/Users/Dilan/Projects/fabric-under-pressure/results/raw/outstanding_tracker/formal_cover] base: port Q[30] of cell $procdff$2352 ($dff)
SBY  2:20:53 [/Users/Dilan/Projects/fabric-under-pressure/results/raw/outstanding_tracker/formal_cover] base: port Q[31] of cell $procdff$2352 ($dff)
SBY  2:20:53 [/Users/Dilan/Projects/fabric-under-pressure/results/raw/outstanding_tracker/formal_cover] base: Warning: Drivers conflicting with a constant 1'1 driver:
SBY  2:20:53 [/Users/Dilan/Projects/fabric-under-pressure/results/raw/outstanding_tracker/formal_cover] base: port Q[4] of cell $procdff$2352 ($dff)
SBY  2:20:54 [/Users/Dilan/Projects/fabric-under-pressure/results/raw/outstanding_tracker/formal_cover] base: finished (returncode=0)
SBY  2:20:54 [/Users/Dilan/Projects/fabric-under-pressure/results/raw/outstanding_tracker/formal_cover] prep: starting process &quot;cd /Users/Dilan/Projects/fabric-under-pressure/results/raw/outstanding_tracker/formal_cover/model; yosys -ql design_prep.log design_prep.ys&quot;
SBY  2:20:54 [/Users/Dilan/Projects/fabric-under-pressure/results/raw/outstanding_tracker/formal_cover] prep: finished (returncode=0)
SBY  2:20:54 [/Users/Dilan/Projects/fabric-under-pressure/results/raw/outstanding_tracker/formal_cover] smt2: starting process &quot;cd /Users/Dilan/Projects/fabric-under-pressure/results/raw/outstanding_tracker/formal_cover/model; yosys -ql design_smt2.log design_smt2.ys&quot;
SBY  2:20:54 [/Users/Dilan/Projects/fabric-under-pressure/results/raw/outstanding_tracker/formal_cover] smt2: finished (returncode=0)
SBY  2:20:54 [/Users/Dilan/Projects/fabric-under-pressure/results/raw/outstanding_tracker/formal_cover] engine_0: starting process &quot;cd /Users/Dilan/Projects/fabric-under-pressure/results/raw/outstanding_tracker/formal_cover; yosys-smtbmc --presat --unroll -c --noprogress -t 8  --append 0 --dump-vcd engine_0/trace%.vcd --dump-yw engine_0/trace%.yw --dump-vlogtb engine_0/trace%_tb.v --dump-smtc engine_0/trace%.smtc model/design_smt2.smt2&quot;
SBY  2:20:54 [/Users/Dilan/Projects/fabric-under-pressure/results/raw/outstanding_tracker/formal_cover] engine_0: ##   0:00:00  Solver: yices
SBY  2:20:54 [/Users/Dilan/Projects/fabric-under-pressure/results/raw/outstanding_tracker/formal_cover] engine_0: ##   0:00:00  Checking cover reachability in step 0..
SBY  2:20:54 [/Users/Dilan/Projects/fabric-under-pressure/results/raw/outstanding_tracker/formal_cover] engine_0: ##   0:00:00  Reached cover statement in step 0 at outstanding_tracker_formal: outstanding_tracker_formal.sv:105.5-105.38 (_witness_.check_cover_outstanding_tracker_formal_sv_105_150)
SBY  2:20:54 [/Users/Dilan/Projects/fabric-under-pressure/results/raw/outstanding_tracker/formal_cover] engine_0: ##   0:00:00  Writing trace to VCD file: engine_0/trace0.vcd
SBY  2:20:54 [/Users/Dilan/Projects/fabric-under-pressure/results/raw/outstanding_tracker/formal_cover] engine_0: ##   0:00:00  Writing trace to Verilog testbench: engine_0/trace0_tb.v
SBY  2:20:54 [/Users/Dilan/Projects/fabric-under-pressure/results/raw/outstanding_tracker/formal_cover] engine_0: ##   0:00:00  Writing trace to constraints file: engine_0/trace0.smtc
SBY  2:20:54 [/Users/Dilan/Projects/fabric-under-pressure/results/raw/outstanding_tracker/formal_cover] engine_0: ##   0:00:00  Writing trace to Yosys witness file: engine_0/trace0.yw
SBY  2:20:54 [/Users/Dilan/Projects/fabric-under-pressure/results/raw/outstanding_tracker/formal_cover] engine_0: ##   0:00:00  Checking cover reachability in step 0..
SBY  2:20:54 [/Users/Dilan/Projects/fabric-under-pressure/results/raw/outstanding_tracker/formal_cover] engine_0: ##   0:00:00  Checking cover reachability in step 1..
SBY  2:20:54 [/Users/Dilan/Projects/fabric-under-pressure/results/raw/outstanding_tracker/formal_cover] engine_0: ##   0:00:00  Reached cover statement in step 1 at outstanding_tracker_formal: outstanding_tracker_formal.sv:111.5-111.31 (_witness_.check_cover_outstanding_tracker_formal_sv_111_161)
SBY  2:20:54 [/Users/Dilan/Projects/fabric-under-pressure/results/raw/outstanding_tracker/formal_cover] engine_0: ##   0:00:00  Writing trace to VCD file: engine_0/trace1.vcd
SBY  2:20:54 [/Users/Dilan/Projects/fabric-under-pressure/results/raw/outstanding_tracker/formal_cover] engine_0: ##   0:00:00  Writing trace to Verilog testbench: engine_0/trace1_tb.v
SBY  2:20:54 [/Users/Dilan/Projects/fabric-under-pressure/results/raw/outstanding_tracker/formal_cover] engine_0: ##   0:00:00  Writing trace to constraints file: engine_0/trace1.smtc
SBY  2:20:54 [/Users/Dilan/Projects/fabric-under-pressure/results/raw/outstanding_tracker/formal_cover] engine_0: ##   0:00:00  Writing trace to Yosys witness file: engine_0/trace1.yw
SBY  2:20:54 [/Users/Dilan/Projects/fabric-under-pressure/results/raw/outstanding_tracker/formal_cover] engine_0: ##   0:00:00  Checking cover reachability in step 1..
SBY  2:20:54 [/Users/Dilan/Projects/fabric-under-pressure/results/raw/outstanding_tracker/formal_cover] engine_0: ##   0:00:00  Checking cover reachability in step 2..
SBY  2:20:54 [/Users/Dilan/Projects/fabric-under-pressure/results/raw/outstanding_tracker/formal_cover] engine_0: ##   0:00:00  Reached cover statement in step 2 at outstanding_tracker_formal: outstanding_tracker_formal.sv:106.5-106.38 (_witness_.check_cover_outstanding_tracker_formal_sv_106_152)
SBY  2:20:54 [/Users/Dilan/Projects/fabric-under-pressure/results/raw/outstanding_tracker/formal_cover] engine_0: ##   0:00:00  Writing trace to VCD file: engine_0/trace2.vcd
SBY  2:20:54 [/Users/Dilan/Projects/fabric-under-pressure/results/raw/outstanding_tracker/formal_cover] engine_0: ##   0:00:00  Writing trace to Verilog testbench: engine_0/trace2_tb.v
SBY  2:20:54 [/Users/Dilan/Projects/fabric-under-pressure/results/raw/outstanding_tracker/formal_cover] engine_0: ##   0:00:00  Writing trace to constraints file: engine_0/trace2.smtc
SBY  2:20:54 [/Users/Dilan/Projects/fabric-under-pressure/results/raw/outstanding_tracker/formal_cover] engine_0: ##   0:00:00  Writing trace to Yosys witness file: engine_0/trace2.yw
SBY  2:20:54 [/Users/Dilan/Projects/fabric-under-pressure/results/raw/outstanding_tracker/formal_cover] engine_0: ##   0:00:00  Checking cover reachability in step 2..
SBY  2:20:54 [/Users/Dilan/Projects/fabric-under-pressure/results/raw/outstanding_tracker/formal_cover] engine_0: ##   0:00:00  Reached cover statement in step 2 at outstanding_tracker_formal: outstanding_tracker_formal.sv:112.5-112.66 (_witness_.check_cover_outstanding_tracker_formal_sv_112_162)
SBY  2:20:54 [/Users/Dilan/Projects/fabric-under-pressure/results/raw/outstanding_tracker/formal_cover] engine_0: ##   0:00:00  Writing trace to VCD file: engine_0/trace3.vcd
SBY  2:20:54 [/Users/Dilan/Projects/fabric-under-pressure/results/raw/outstanding_tracker/formal_cover] engine_0: ##   0:00:00  Writing trace to Verilog testbench: engine_0/trace3_tb.v
SBY  2:20:54 [/Users/Dilan/Projects/fabric-under-pressure/results/raw/outstanding_tracker/formal_cover] engine_0: ##   0:00:00  Writing trace to constraints file: engine_0/trace3.smtc
SBY  2:20:54 [/Users/Dilan/Projects/fabric-under-pressure/results/raw/outstanding_tracker/formal_cover] engine_0: ##   0:00:00  Writing trace to Yosys witness file: engine_0/trace3.yw
SBY  2:20:54 [/Users/Dilan/Projects/fabric-under-pressure/results/raw/outstanding_tracker/formal_cover] engine_0: ##   0:00:00  Checking cover reachability in step 2..
SBY  2:20:54 [/Users/Dilan/Projects/fabric-under-pressure/results/raw/outstanding_tracker/formal_cover] engine_0: ##   0:00:00  Reached cover statement in step 2 at outstanding_tracker_formal: outstanding_tracker_formal.sv:110.5-110.31 (_witness_.check_cover_outstanding_tracker_formal_sv_110_160)
SBY  2:20:54 [/Users/Dilan/Projects/fabric-under-pressure/results/raw/outstanding_tracker/formal_cover] engine_0: ##   0:00:00  Writing trace to VCD file: engine_0/trace4.vcd
SBY  2:20:54 [/Users/Dilan/Projects/fabric-under-pressure/results/raw/outstanding_tracker/formal_cover] engine_0: ##   0:00:00  Writing trace to Verilog testbench: engine_0/trace4_tb.v
SBY  2:20:54 [/Users/Dilan/Projects/fabric-under-pressure/results/raw/outstanding_tracker/formal_cover] engine_0: ##   0:00:00  Writing trace to constraints file: engine_0/trace4.smtc
SBY  2:20:54 [/Users/Dilan/Projects/fabric-under-pressure/results/raw/outstanding_tracker/formal_cover] engine_0: ##   0:00:00  Writing trace to Yosys witness file: engine_0/trace4.yw
SBY  2:20:54 [/Users/Dilan/Projects/fabric-under-pressure/results/raw/outstanding_tracker/formal_cover] engine_0: ##   0:00:00  Checking cover reachability in step 2..
SBY  2:20:54 [/Users/Dilan/Projects/fabric-under-pressure/results/raw/outstanding_tracker/formal_cover] engine_0: ##   0:00:00  Reached cover statement in step 2 at outstanding_tracker_formal: outstanding_tracker_formal.sv:113.5-113.98 (_witness_.check_cover_outstanding_tracker_formal_sv_113_166)
SBY  2:20:54 [/Users/Dilan/Projects/fabric-under-pressure/results/raw/outstanding_tracker/formal_cover] engine_0: ##   0:00:00  Writing trace to VCD file: engine_0/trace5.vcd
SBY  2:20:54 [/Users/Dilan/Projects/fabric-under-pressure/results/raw/outstanding_tracker/formal_cover] engine_0: ##   0:00:00  Writing trace to Verilog testbench: engine_0/trace5_tb.v
SBY  2:20:54 [/Users/Dilan/Projects/fabric-under-pressure/results/raw/outstanding_tracker/formal_cover] engine_0: ##   0:00:00  Writing trace to constraints file: engine_0/trace5.smtc
SBY  2:20:54 [/Users/Dilan/Projects/fabric-under-pressure/results/raw/outstanding_tracker/formal_cover] engine_0: ##   0:00:00  Writing trace to Yosys witness file: engine_0/trace5.yw
SBY  2:20:54 [/Users/Dilan/Projects/fabric-under-pressure/results/raw/outstanding_tracker/formal_cover] engine_0: ##   0:00:00  Checking cover reachability in step 2..
SBY  2:20:54 [/Users/Dilan/Projects/fabric-under-pressure/results/raw/outstanding_tracker/formal_cover] engine_0: ##   0:00:00  Checking cover reachability in step 3..
SBY  2:20:54 [/Users/Dilan/Projects/fabric-under-pressure/results/raw/outstanding_tracker/formal_cover] engine_0: ##   0:00:00  Reached cover statement in step 3 at outstanding_tracker_formal: outstanding_tracker_formal.sv:107.5-107.38 (_witness_.check_cover_outstanding_tracker_formal_sv_107_154)
SBY  2:20:54 [/Users/Dilan/Projects/fabric-under-pressure/results/raw/outstanding_tracker/formal_cover] engine_0: ##   0:00:00  Writing trace to VCD file: engine_0/trace6.vcd
SBY  2:20:54 [/Users/Dilan/Projects/fabric-under-pressure/results/raw/outstanding_tracker/formal_cover] engine_0: ##   0:00:00  Writing trace to Verilog testbench: engine_0/trace6_tb.v
SBY  2:20:54 [/Users/Dilan/Projects/fabric-under-pressure/results/raw/outstanding_tracker/formal_cover] engine_0: ##   0:00:00  Writing trace to constraints file: engine_0/trace6.smtc
SBY  2:20:54 [/Users/Dilan/Projects/fabric-under-pressure/results/raw/outstanding_tracker/formal_cover] engine_0: ##   0:00:00  Writing trace to Yosys witness file: engine_0/trace6.yw
SBY  2:20:54 [/Users/Dilan/Projects/fabric-under-pressure/results/raw/outstanding_tracker/formal_cover] engine_0: ##   0:00:00  Checking cover reachability in step 3..
SBY  2:20:54 [/Users/Dilan/Projects/fabric-under-pressure/results/raw/outstanding_tracker/formal_cover] engine_0: ##   0:00:00  Checking cover reachability in step 4..
SBY  2:20:54 [/Users/Dilan/Projects/fabric-under-pressure/results/raw/outstanding_tracker/formal_cover] engine_0: ##   0:00:00  Reached cover statement in step 4 at outstanding_tracker_formal: outstanding_tracker_formal.sv:108.5-108.38 (_witness_.check_cover_outstanding_tracker_formal_sv_108_156)
SBY  2:20:54 [/Users/Dilan/Projects/fabric-under-pressure/results/raw/outstanding_tracker/formal_cover] engine_0: ##   0:00:00  Writing trace to VCD file: engine_0/trace7.vcd
SBY  2:20:54 [/Users/Dilan/Projects/fabric-under-pressure/results/raw/outstanding_tracker/formal_cover] engine_0: ##   0:00:00  Writing trace to Verilog testbench: engine_0/trace7_tb.v
SBY  2:20:54 [/Users/Dilan/Projects/fabric-under-pressure/results/raw/outstanding_tracker/formal_cover] engine_0: ##   0:00:00  Writing trace to constraints file: engine_0/trace7.smtc
SBY  2:20:54 [/Users/Dilan/Projects/fabric-under-pressure/results/raw/outstanding_tracker/formal_cover] engine_0: ##   0:00:00  Writing trace to Yosys witness file: engine_0/trace7.yw
SBY  2:20:54 [/Users/Dilan/Projects/fabric-under-pressure/results/raw/outstanding_tracker/formal_cover] engine_0: ##   0:00:00  Checking cover reachability in step 4..
SBY  2:20:54 [/Users/Dilan/Projects/fabric-under-pressure/results/raw/outstanding_tracker/formal_cover] engine_0: ##   0:00:00  Checking cover reachability in step 5..
SBY  2:20:54 [/Users/Dilan/Projects/fabric-under-pressure/results/raw/outstanding_tracker/formal_cover] engine_0: ##   0:00:00  Reached cover statement in step 5 at outstanding_tracker_formal: outstanding_tracker_formal.sv:109.5-109.38 (_witness_.check_cover_outstanding_tracker_formal_sv_109_158)
SBY  2:20:54 [/Users/Dilan/Projects/fabric-under-pressure/results/raw/outstanding_tracker/formal_cover] engine_0: ##   0:00:00  Writing trace to VCD file: engine_0/trace8.vcd
SBY  2:20:54 [/Users/Dilan/Projects/fabric-under-pressure/results/raw/outstanding_tracker/formal_cover] engine_0: ##   0:00:00  Writing trace to Verilog testbench: engine_0/trace8_tb.v
SBY  2:20:54 [/Users/Dilan/Projects/fabric-under-pressure/results/raw/outstanding_tracker/formal_cover] engine_0: ##   0:00:00  Writing trace to constraints file: engine_0/trace8.smtc
SBY  2:20:54 [/Users/Dilan/Projects/fabric-under-pressure/results/raw/outstanding_tracker/formal_cover] engine_0: ##   0:00:00  Writing trace to Yosys witness file: engine_0/trace8.yw
SBY  2:20:54 [/Users/Dilan/Projects/fabric-under-pressure/results/raw/outstanding_tracker/formal_cover] engine_0: ##   0:00:00  Checking cover reachability in step 5..
SBY  2:20:54 [/Users/Dilan/Projects/fabric-under-pressure/results/raw/outstanding_tracker/formal_cover] engine_0: ##   0:00:00  Reached cover statement in step 5 at outstanding_tracker_formal: outstanding_tracker_formal.sv:114.5-114.87 (_witness_.check_cover_outstanding_tracker_formal_sv_114_172)
SBY  2:20:54 [/Users/Dilan/Projects/fabric-under-pressure/results/raw/outstanding_tracker/formal_cover] engine_0: ##   0:00:00  Writing trace to VCD file: engine_0/trace9.vcd
SBY  2:20:54 [/Users/Dilan/Projects/fabric-under-pressure/results/raw/outstanding_tracker/formal_cover] engine_0: ##   0:00:00  Writing trace to Verilog testbench: engine_0/trace9_tb.v
SBY  2:20:54 [/Users/Dilan/Projects/fabric-under-pressure/results/raw/outstanding_tracker/formal_cover] engine_0: ##   0:00:00  Writing trace to constraints file: engine_0/trace9.smtc
SBY  2:20:54 [/Users/Dilan/Projects/fabric-under-pressure/results/raw/outstanding_tracker/formal_cover] engine_0: ##   0:00:00  Writing trace to Yosys witness file: engine_0/trace9.yw
SBY  2:20:54 [/Users/Dilan/Projects/fabric-under-pressure/results/raw/outstanding_tracker/formal_cover] engine_0: ##   0:00:00  Checking cover reachability in step 5..
SBY  2:20:54 [/Users/Dilan/Projects/fabric-under-pressure/results/raw/outstanding_tracker/formal_cover] engine_0: ##   0:00:00  Checking cover reachability in step 6..
SBY  2:20:54 [/Users/Dilan/Projects/fabric-under-pressure/results/raw/outstanding_tracker/formal_cover] engine_0: ##   0:00:00  Reached cover statement in step 6 at outstanding_tracker_formal: outstanding_tracker_formal.sv:115.5-115.33 (_witness_.check_cover_outstanding_tracker_formal_sv_115_177)
SBY  2:20:54 [/Users/Dilan/Projects/fabric-under-pressure/results/raw/outstanding_tracker/formal_cover] engine_0: ##   0:00:00  Writing trace to VCD file: engine_0/trace10.vcd
SBY  2:20:54 [/Users/Dilan/Projects/fabric-under-pressure/results/raw/outstanding_tracker/formal_cover] engine_0: ##   0:00:00  Writing trace to Verilog testbench: engine_0/trace10_tb.v
SBY  2:20:54 [/Users/Dilan/Projects/fabric-under-pressure/results/raw/outstanding_tracker/formal_cover] engine_0: ##   0:00:00  Writing trace to constraints file: engine_0/trace10.smtc
SBY  2:20:54 [/Users/Dilan/Projects/fabric-under-pressure/results/raw/outstanding_tracker/formal_cover] engine_0: ##   0:00:00  Writing trace to Yosys witness file: engine_0/trace10.yw
SBY  2:20:54 [/Users/Dilan/Projects/fabric-under-pressure/results/raw/outstanding_tracker/formal_cover] engine_0: ##   0:00:00  Status: passed
SBY  2:20:54 [/Users/Dilan/Projects/fabric-under-pressure/results/raw/outstanding_tracker/formal_cover] engine_0: finished (returncode=0)
SBY  2:20:54 [/Users/Dilan/Projects/fabric-under-pressure/results/raw/outstanding_tracker/formal_cover] engine_0: Status returned by engine: pass
SBY  2:20:54 [/Users/Dilan/Projects/fabric-under-pressure/results/raw/outstanding_tracker/formal_cover] summary: Elapsed clock time [H:MM:SS (secs)]: 0:00:00 (0)
SBY  2:20:54 [/Users/Dilan/Projects/fabric-under-pressure/results/raw/outstanding_tracker/formal_cover] summary: Elapsed process time [H:MM:SS (secs)]: 0:00:00 (0)
SBY  2:20:54 [/Users/Dilan/Projects/fabric-under-pressure/results/raw/outstanding_tracker/formal_cover] summary: engine_0 (smtbmc) returned pass
SBY  2:20:54 [/Users/Dilan/Projects/fabric-under-pressure/results/raw/outstanding_tracker/formal_cover] summary: cover trace: /Users/Dilan/Projects/fabric-under-pressure/results/raw/outstanding_tracker/formal_cover/engine_0/trace0.vcd
SBY  2:20:54 [/Users/Dilan/Projects/fabric-under-pressure/results/raw/outstanding_tracker/formal_cover] summary:   reached cover statement outstanding_tracker_formal._witness_.check_cover_outstanding_tracker_formal_sv_105_150 at outstanding_tracker_formal.sv:105.5-105.38
SBY  2:20:54 [/Users/Dilan/Projects/fabric-under-pressure/results/raw/outstanding_tracker/formal_cover] summary: cover trace: /Users/Dilan/Projects/fabric-under-pressure/results/raw/outstanding_tracker/formal_cover/engine_0/trace1.vcd
SBY  2:20:54 [/Users/Dilan/Projects/fabric-under-pressure/results/raw/outstanding_tracker/formal_cover] summary:   reached cover statement outstanding_tracker_formal._witness_.check_cover_outstanding_tracker_formal_sv_111_161 at outstanding_tracker_formal.sv:111.5-111.31 step 1
SBY  2:20:54 [/Users/Dilan/Projects/fabric-under-pressure/results/raw/outstanding_tracker/formal_cover] summary: cover trace: /Users/Dilan/Projects/fabric-under-pressure/results/raw/outstanding_tracker/formal_cover/engine_0/trace10.vcd
SBY  2:20:54 [/Users/Dilan/Projects/fabric-under-pressure/results/raw/outstanding_tracker/formal_cover] summary:   reached cover statement outstanding_tracker_formal._witness_.check_cover_outstanding_tracker_formal_sv_115_177 at outstanding_tracker_formal.sv:115.5-115.33 step 6
SBY  2:20:54 [/Users/Dilan/Projects/fabric-under-pressure/results/raw/outstanding_tracker/formal_cover] summary: cover trace: /Users/Dilan/Projects/fabric-under-pressure/results/raw/outstanding_tracker/formal_cover/engine_0/trace2.vcd
SBY  2:20:54 [/Users/Dilan/Projects/fabric-under-pressure/results/raw/outstanding_tracker/formal_cover] summary:   reached cover statement outstanding_tracker_formal._witness_.check_cover_outstanding_tracker_formal_sv_106_152 at outstanding_tracker_formal.sv:106.5-106.38 step 2
SBY  2:20:54 [/Users/Dilan/Projects/fabric-under-pressure/results/raw/outstanding_tracker/formal_cover] summary: cover trace: /Users/Dilan/Projects/fabric-under-pressure/results/raw/outstanding_tracker/formal_cover/engine_0/trace3.vcd
SBY  2:20:54 [/Users/Dilan/Projects/fabric-under-pressure/results/raw/outstanding_tracker/formal_cover] summary:   reached cover statement outstanding_tracker_formal._witness_.check_cover_outstanding_tracker_formal_sv_112_162 at outstanding_tracker_formal.sv:112.5-112.66 step 2
SBY  2:20:54 [/Users/Dilan/Projects/fabric-under-pressure/results/raw/outstanding_tracker/formal_cover] summary: and 6 further traces
SBY  2:20:54 [/Users/Dilan/Projects/fabric-under-pressure/results/raw/outstanding_tracker/formal_cover] summary: see /Users/Dilan/Projects/fabric-under-pressure/results/raw/outstanding_tracker/formal_cover/PASS for a complete summary
SBY  2:20:54 [/Users/Dilan/Projects/fabric-under-pressure/results/raw/outstanding_tracker/formal_cover] DONE (PASS, rc=0)
</system-out>
<system-err>
</system-err>
</testsuite>
</testsuites>
