<?xml version='1.0' encoding='utf-8'?>
<testsuites name="cocotb tests"><testsuite name="test_smoke_counter" errors="0" failures="0" skipped="0" tests="1" time="0.001" timestamp="2026-09-23T00:08:37.500873+00:00" hostname="MacBook-Pro.local"><testcase classname="test_smoke_counter" name="counter_smoke" time="0.001"><properties><property name="cocotb" value="True" /><property name="random_seed" value="1790122117" /><property name="file" value="/Users/Dilan/Projects/fabric-under-pressure/tb/cocotb/test_smoke_counter.py" /><property name="line" value="7" /><property name="sim_time_unit" value="ns" /><property name="sim_time_start" value="0.0" /><property name="sim_time_stop" value="120.0" /><property name="sim_time_duration" value="120.0" /><property name="sim_time_ratio" value="145439.91337878202" /></properties></testcase></testsuite></testsuites>
