<?xml version="1.0" encoding="UTF-8"?>
<testsuites>
<testsuite timestamp="2026-09-26T21:15:31" hostname="Mac.ultrahub" package="aw_target_scheduler" id="0" name="cover" tests="16" errors="0" failures="0" time="0" skipped="10">
<properties>
<property name="os" value="Darwin"/>
<property name="expect" value="PASS"/>
<property name="status" value="PASS"/>
</properties>
<testcase classname="cover" name="build execution" time="0">
</testcase>
<testcase classname="cover" name="Property ASSERT in aw_target_scheduler_formal at aw_target_scheduler_formal.sv:40.7-40.44" time="0" type="ASSERT" location="aw_target_scheduler_formal.sv:40.7-40.44" id="_witness_.check_assert_aw_target_scheduler_formal_sv_40_25">
<skipped />
</testcase>
<testcase classname="cover" name="Property ASSERT in aw_target_scheduler_formal at aw_target_scheduler_formal.sv:41.7-44.57" time="0" type="ASSERT" location="aw_target_scheduler_formal.sv:41.7-44.57" id="_witness_.check_assert_aw_target_scheduler_formal_sv_41_27">
<skipped />
</testcase>
<testcase classname="cover" name="Property ASSERT in aw_target_scheduler_formal at aw_target_scheduler_formal.sv:46.9-46.40" time="0" type="ASSERT" location="aw_target_scheduler_formal.sv:46.9-46.40" id="_witness_.check_assert_aw_target_scheduler_formal_sv_46_34">
<skipped />
</testcase>
<testcase classname="cover" name="Property ASSERT in aw_target_scheduler_formal at aw_target_scheduler_formal.sv:47.9-47.33" time="0" type="ASSERT" location="aw_target_scheduler_formal.sv:47.9-47.33" id="_witness_.check_assert_aw_target_scheduler_formal_sv_47_36">
<skipped />
</testcase>
<testcase classname="cover" name="Property ASSERT in aw_target_scheduler_formal at aw_target_scheduler_formal.sv:49.7-49.46" time="0" type="ASSERT" location="aw_target_scheduler_formal.sv:49.7-49.46" id="_witness_.check_assert_aw_target_scheduler_formal_sv_49_38">
<skipped />
</testcase>
<testcase classname="cover" name="Property ASSERT in aw_target_scheduler_formal at aw_target_scheduler_formal.sv:50.7-50.53" time="0" type="ASSERT" location="aw_target_scheduler_formal.sv:50.7-50.53" id="_witness_.check_assert_aw_target_scheduler_formal_sv_50_41">
<skipped />
</testcase>
<testcase classname="cover" name="Property ASSERT in aw_target_scheduler_formal at aw_target_scheduler_formal.sv:51.7-51.31" time="0" type="ASSERT" location="aw_target_scheduler_formal.sv:51.7-51.31" id="_witness_.check_assert_aw_target_scheduler_formal_sv_51_45">
<skipped />
</testcase>
<testcase classname="cover" name="Property ASSERT in aw_target_scheduler_formal at aw_target_scheduler_formal.sv:52.7-52.48" time="0" type="ASSERT" location="aw_target_scheduler_formal.sv:52.7-52.48" id="_witness_.check_assert_aw_target_scheduler_formal_sv_52_59">
<skipped />
</testcase>
<testcase classname="cover" name="Property ASSERT in aw_target_scheduler_formal at aw_target_scheduler_formal.sv:53.7-55.80" time="0" type="ASSERT" location="aw_target_scheduler_formal.sv:53.7-55.80" id="_witness_.check_assert_aw_target_scheduler_formal_sv_53_62">
<skipped />
</testcase>
<testcase classname="cover" name="Property ASSERT in aw_target_scheduler_formal at aw_target_scheduler_formal.sv:57.27-57.68" time="0" type="ASSERT" location="aw_target_scheduler_formal.sv:57.27-57.68" id="_witness_.check_assert_aw_target_scheduler_formal_sv_57_76">
<skipped />
</testcase>
<testcase classname="cover" name="Property COVER in aw_target_scheduler_formal at aw_target_scheduler_formal.sv:60.5-60.62" time="0" type="COVER" location="aw_target_scheduler_formal.sv:60.5-60.62" id="_witness_.check_cover_aw_target_scheduler_formal_sv_60_78" tracefile="engine_0/trace0.vcd">
</testcase>
<testcase classname="cover" name="Property COVER in aw_target_scheduler_formal at aw_target_scheduler_formal.sv:61.5-61.62" time="0" type="COVER" location="aw_target_scheduler_formal.sv:61.5-61.62" id="_witness_.check_cover_aw_target_scheduler_formal_sv_61_83" tracefile="engine_0/trace2.vcd">
</testcase>
<testcase classname="cover" name="Property COVER in aw_target_scheduler_formal at aw_target_scheduler_formal.sv:62.5-62.62" time="0" type="COVER" location="aw_target_scheduler_formal.sv:62.5-62.62" id="_witness_.check_cover_aw_target_scheduler_formal_sv_62_88" tracefile="engine_0/trace3.vcd">
</testcase>
<testcase classname="cover" name="Property COVER in aw_target_scheduler_formal at aw_target_scheduler_formal.sv:63.5-63.63" time="0" type="COVER" location="aw_target_scheduler_formal.sv:63.5-63.63" id="_witness_.check_cover_aw_target_scheduler_formal_sv_63_93" tracefile="engine_0/trace1.vcd">
</testcase>
<testcase classname="cover" name="Property COVER in aw_target_scheduler_formal at aw_target_scheduler_formal.sv:64.5-64.38" time="0" type="COVER" location="aw_target_scheduler_formal.sv:64.5-64.38" id="_witness_.check_cover_aw_target_scheduler_formal_sv_64_98" tracefile="engine_0/trace5.vcd">
</testcase>
<testcase classname="cover" name="Property COVER in aw_target_scheduler_formal at aw_target_scheduler_formal.sv:65.5-65.67" time="0" type="COVER" location="aw_target_scheduler_formal.sv:65.5-65.67" id="_witness_.check_cover_aw_target_scheduler_formal_sv_65_100" tracefile="engine_0/trace4.vcd">
</testcase>
<system-out>SBY 21:15:31 [/Users/Dilan/Projects/fabric-under-pressure/results/raw/aw_target_scheduler/formal_cover] Removing directory '/Users/Dilan/Projects/fabric-under-pressure/results/raw/aw_target_scheduler/formal_cover'.
SBY 21:15:31 [/Users/Dilan/Projects/fabric-under-pressure/results/raw/aw_target_scheduler/formal_cover] Copy '/Users/Dilan/Projects/fabric-under-pressure/formal/../rtl/axi_rr_arbiter_3.sv' to '/Users/Dilan/Projects/fabric-under-pressure/results/raw/aw_target_scheduler/formal_cover/src/axi_rr_arbiter_3.sv'.
SBY 21:15:31 [/Users/Dilan/Projects/fabric-under-pressure/results/raw/aw_target_scheduler/formal_cover] Copy '/Users/Dilan/Projects/fabric-under-pressure/formal/../rtl/axi_aw_target_scheduler_a.sv' to '/Users/Dilan/Projects/fabric-under-pressure/results/raw/aw_target_scheduler/formal_cover/src/axi_aw_target_scheduler_a.sv'.
SBY 21:15:31 [/Users/Dilan/Projects/fabric-under-pressure/results/raw/aw_target_scheduler/formal_cover] Copy '/Users/Dilan/Projects/fabric-under-pressure/formal/aw_target_scheduler_formal.sv' to '/Users/Dilan/Projects/fabric-under-pressure/results/raw/aw_target_scheduler/formal_cover/src/aw_target_scheduler_formal.sv'.
SBY 21:15:31 [/Users/Dilan/Projects/fabric-under-pressure/results/raw/aw_target_scheduler/formal_cover] engine_0: smtbmc
SBY 21:15:31 [/Users/Dilan/Projects/fabric-under-pressure/results/raw/aw_target_scheduler/formal_cover] base: starting process &quot;cd /Users/Dilan/Projects/fabric-under-pressure/results/raw/aw_target_scheduler/formal_cover/src; yosys -ql ../model/design.log ../model/design.ys&quot;
SBY 21:15:31 [/Users/Dilan/Projects/fabric-under-pressure/results/raw/aw_target_scheduler/formal_cover] base: finished (returncode=0)
SBY 21:15:31 [/Users/Dilan/Projects/fabric-under-pressure/results/raw/aw_target_scheduler/formal_cover] prep: starting process &quot;cd /Users/Dilan/Projects/fabric-under-pressure/results/raw/aw_target_scheduler/formal_cover/model; yosys -ql design_prep.log design_prep.ys&quot;
SBY 21:15:31 [/Users/Dilan/Projects/fabric-under-pressure/results/raw/aw_target_scheduler/formal_cover] prep: finished (returncode=0)
SBY 21:15:31 [/Users/Dilan/Projects/fabric-under-pressure/results/raw/aw_target_scheduler/formal_cover] smt2: starting process &quot;cd /Users/Dilan/Projects/fabric-under-pressure/results/raw/aw_target_scheduler/formal_cover/model; yosys -ql design_smt2.log design_smt2.ys&quot;
SBY 21:15:31 [/Users/Dilan/Projects/fabric-under-pressure/results/raw/aw_target_scheduler/formal_cover] smt2: finished (returncode=0)
SBY 21:15:31 [/Users/Dilan/Projects/fabric-under-pressure/results/raw/aw_target_scheduler/formal_cover] engine_0: starting process &quot;cd /Users/Dilan/Projects/fabric-under-pressure/results/raw/aw_target_scheduler/formal_cover; yosys-smtbmc --presat --unroll -c --noprogress -t 16  --append 0 --dump-vcd engine_0/trace%.vcd --dump-yw engine_0/trace%.yw --dump-vlogtb engine_0/trace%_tb.v --dump-smtc engine_0/trace%.smtc model/design_smt2.smt2&quot;
SBY 21:15:31 [/Users/Dilan/Projects/fabric-under-pressure/results/raw/aw_target_scheduler/formal_cover] engine_0: ##   0:00:00  Solver: yices
SBY 21:15:31 [/Users/Dilan/Projects/fabric-under-pressure/results/raw/aw_target_scheduler/formal_cover] engine_0: ##   0:00:00  Checking cover reachability in step 0..
SBY 21:15:31 [/Users/Dilan/Projects/fabric-under-pressure/results/raw/aw_target_scheduler/formal_cover] engine_0: ##   0:00:00  Checking cover reachability in step 1..
SBY 21:15:31 [/Users/Dilan/Projects/fabric-under-pressure/results/raw/aw_target_scheduler/formal_cover] engine_0: ##   0:00:00  Reached cover statement in step 1 at aw_target_scheduler_formal: aw_target_scheduler_formal.sv:60.5-60.62 (_witness_.check_cover_aw_target_scheduler_formal_sv_60_78)
SBY 21:15:31 [/Users/Dilan/Projects/fabric-under-pressure/results/raw/aw_target_scheduler/formal_cover] engine_0: ##   0:00:00  Writing trace to VCD file: engine_0/trace0.vcd
SBY 21:15:31 [/Users/Dilan/Projects/fabric-under-pressure/results/raw/aw_target_scheduler/formal_cover] engine_0: ##   0:00:00  Writing trace to Verilog testbench: engine_0/trace0_tb.v
SBY 21:15:31 [/Users/Dilan/Projects/fabric-under-pressure/results/raw/aw_target_scheduler/formal_cover] engine_0: ##   0:00:00  Writing trace to constraints file: engine_0/trace0.smtc
SBY 21:15:31 [/Users/Dilan/Projects/fabric-under-pressure/results/raw/aw_target_scheduler/formal_cover] engine_0: ##   0:00:00  Writing trace to Yosys witness file: engine_0/trace0.yw
SBY 21:15:31 [/Users/Dilan/Projects/fabric-under-pressure/results/raw/aw_target_scheduler/formal_cover] engine_0: ##   0:00:00  Checking cover reachability in step 1..
SBY 21:15:31 [/Users/Dilan/Projects/fabric-under-pressure/results/raw/aw_target_scheduler/formal_cover] engine_0: ##   0:00:00  Reached cover statement in step 1 at aw_target_scheduler_formal: aw_target_scheduler_formal.sv:63.5-63.63 (_witness_.check_cover_aw_target_scheduler_formal_sv_63_93)
SBY 21:15:31 [/Users/Dilan/Projects/fabric-under-pressure/results/raw/aw_target_scheduler/formal_cover] engine_0: ##   0:00:00  Writing trace to VCD file: engine_0/trace1.vcd
SBY 21:15:31 [/Users/Dilan/Projects/fabric-under-pressure/results/raw/aw_target_scheduler/formal_cover] engine_0: ##   0:00:00  Writing trace to Verilog testbench: engine_0/trace1_tb.v
SBY 21:15:31 [/Users/Dilan/Projects/fabric-under-pressure/results/raw/aw_target_scheduler/formal_cover] engine_0: ##   0:00:00  Writing trace to constraints file: engine_0/trace1.smtc
SBY 21:15:31 [/Users/Dilan/Projects/fabric-under-pressure/results/raw/aw_target_scheduler/formal_cover] engine_0: ##   0:00:00  Writing trace to Yosys witness file: engine_0/trace1.yw
SBY 21:15:31 [/Users/Dilan/Projects/fabric-under-pressure/results/raw/aw_target_scheduler/formal_cover] engine_0: ##   0:00:00  Checking cover reachability in step 1..
SBY 21:15:31 [/Users/Dilan/Projects/fabric-under-pressure/results/raw/aw_target_scheduler/formal_cover] engine_0: ##   0:00:00  Reached cover statement in step 1 at aw_target_scheduler_formal: aw_target_scheduler_formal.sv:61.5-61.62 (_witness_.check_cover_aw_target_scheduler_formal_sv_61_83)
SBY 21:15:31 [/Users/Dilan/Projects/fabric-under-pressure/results/raw/aw_target_scheduler/formal_cover] engine_0: ##   0:00:00  Writing trace to VCD file: engine_0/trace2.vcd
SBY 21:15:31 [/Users/Dilan/Projects/fabric-under-pressure/results/raw/aw_target_scheduler/formal_cover] engine_0: ##   0:00:00  Writing trace to Verilog testbench: engine_0/trace2_tb.v
SBY 21:15:31 [/Users/Dilan/Projects/fabric-under-pressure/results/raw/aw_target_scheduler/formal_cover] engine_0: ##   0:00:00  Writing trace to constraints file: engine_0/trace2.smtc
SBY 21:15:31 [/Users/Dilan/Projects/fabric-under-pressure/results/raw/aw_target_scheduler/formal_cover] engine_0: ##   0:00:00  Writing trace to Yosys witness file: engine_0/trace2.yw
SBY 21:15:31 [/Users/Dilan/Projects/fabric-under-pressure/results/raw/aw_target_scheduler/formal_cover] engine_0: ##   0:00:00  Checking cover reachability in step 1..
SBY 21:15:31 [/Users/Dilan/Projects/fabric-under-pressure/results/raw/aw_target_scheduler/formal_cover] engine_0: ##   0:00:00  Reached cover statement in step 1 at aw_target_scheduler_formal: aw_target_scheduler_formal.sv:62.5-62.62 (_witness_.check_cover_aw_target_scheduler_formal_sv_62_88)
SBY 21:15:31 [/Users/Dilan/Projects/fabric-under-pressure/results/raw/aw_target_scheduler/formal_cover] engine_0: ##   0:00:00  Writing trace to VCD file: engine_0/trace3.vcd
SBY 21:15:31 [/Users/Dilan/Projects/fabric-under-pressure/results/raw/aw_target_scheduler/formal_cover] engine_0: ##   0:00:00  Writing trace to Verilog testbench: engine_0/trace3_tb.v
SBY 21:15:31 [/Users/Dilan/Projects/fabric-under-pressure/results/raw/aw_target_scheduler/formal_cover] engine_0: ##   0:00:00  Writing trace to constraints file: engine_0/trace3.smtc
SBY 21:15:31 [/Users/Dilan/Projects/fabric-under-pressure/results/raw/aw_target_scheduler/formal_cover] engine_0: ##   0:00:00  Writing trace to Yosys witness file: engine_0/trace3.yw
SBY 21:15:31 [/Users/Dilan/Projects/fabric-under-pressure/results/raw/aw_target_scheduler/formal_cover] engine_0: ##   0:00:00  Checking cover reachability in step 1..
SBY 21:15:31 [/Users/Dilan/Projects/fabric-under-pressure/results/raw/aw_target_scheduler/formal_cover] engine_0: ##   0:00:00  Reached cover statement in step 1 at aw_target_scheduler_formal: aw_target_scheduler_formal.sv:65.5-65.67 (_witness_.check_cover_aw_target_scheduler_formal_sv_65_100)
SBY 21:15:31 [/Users/Dilan/Projects/fabric-under-pressure/results/raw/aw_target_scheduler/formal_cover] engine_0: ##   0:00:00  Writing trace to VCD file: engine_0/trace4.vcd
SBY 21:15:31 [/Users/Dilan/Projects/fabric-under-pressure/results/raw/aw_target_scheduler/formal_cover] engine_0: ##   0:00:00  Writing trace to Verilog testbench: engine_0/trace4_tb.v
SBY 21:15:31 [/Users/Dilan/Projects/fabric-under-pressure/results/raw/aw_target_scheduler/formal_cover] engine_0: ##   0:00:00  Writing trace to constraints file: engine_0/trace4.smtc
SBY 21:15:31 [/Users/Dilan/Projects/fabric-under-pressure/results/raw/aw_target_scheduler/formal_cover] engine_0: ##   0:00:00  Writing trace to Yosys witness file: engine_0/trace4.yw
SBY 21:15:31 [/Users/Dilan/Projects/fabric-under-pressure/results/raw/aw_target_scheduler/formal_cover] engine_0: ##   0:00:00  Checking cover reachability in step 1..
SBY 21:15:31 [/Users/Dilan/Projects/fabric-under-pressure/results/raw/aw_target_scheduler/formal_cover] engine_0: ##   0:00:00  Checking cover reachability in step 2..
SBY 21:15:31 [/Users/Dilan/Projects/fabric-under-pressure/results/raw/aw_target_scheduler/formal_cover] engine_0: ##   0:00:00  Reached cover statement in step 2 at aw_target_scheduler_formal: aw_target_scheduler_formal.sv:64.5-64.38 (_witness_.check_cover_aw_target_scheduler_formal_sv_64_98)
SBY 21:15:31 [/Users/Dilan/Projects/fabric-under-pressure/results/raw/aw_target_scheduler/formal_cover] engine_0: ##   0:00:00  Writing trace to VCD file: engine_0/trace5.vcd
SBY 21:15:31 [/Users/Dilan/Projects/fabric-under-pressure/results/raw/aw_target_scheduler/formal_cover] engine_0: ##   0:00:00  Writing trace to Verilog testbench: engine_0/trace5_tb.v
SBY 21:15:31 [/Users/Dilan/Projects/fabric-under-pressure/results/raw/aw_target_scheduler/formal_cover] engine_0: ##   0:00:00  Writing trace to constraints file: engine_0/trace5.smtc
SBY 21:15:31 [/Users/Dilan/Projects/fabric-under-pressure/results/raw/aw_target_scheduler/formal_cover] engine_0: ##   0:00:00  Writing trace to Yosys witness file: engine_0/trace5.yw
SBY 21:15:31 [/Users/Dilan/Projects/fabric-under-pressure/results/raw/aw_target_scheduler/formal_cover] engine_0: ##   0:00:00  Status: passed
SBY 21:15:31 [/Users/Dilan/Projects/fabric-under-pressure/results/raw/aw_target_scheduler/formal_cover] engine_0: finished (returncode=0)
SBY 21:15:31 [/Users/Dilan/Projects/fabric-under-pressure/results/raw/aw_target_scheduler/formal_cover] engine_0: Status returned by engine: pass
SBY 21:15:31 [/Users/Dilan/Projects/fabric-under-pressure/results/raw/aw_target_scheduler/formal_cover] summary: Elapsed clock time [H:MM:SS (secs)]: 0:00:00 (0)
SBY 21:15:31 [/Users/Dilan/Projects/fabric-under-pressure/results/raw/aw_target_scheduler/formal_cover] summary: Elapsed process time [H:MM:SS (secs)]: 0:00:00 (0)
SBY 21:15:31 [/Users/Dilan/Projects/fabric-under-pressure/results/raw/aw_target_scheduler/formal_cover] summary: engine_0 (smtbmc) returned pass
SBY 21:15:31 [/Users/Dilan/Projects/fabric-under-pressure/results/raw/aw_target_scheduler/formal_cover] summary: cover trace: /Users/Dilan/Projects/fabric-under-pressure/results/raw/aw_target_scheduler/formal_cover/engine_0/trace0.vcd
SBY 21:15:31 [/Users/Dilan/Projects/fabric-under-pressure/results/raw/aw_target_scheduler/formal_cover] summary:   reached cover statement aw_target_scheduler_formal._witness_.check_cover_aw_target_scheduler_formal_sv_60_78 at aw_target_scheduler_formal.sv:60.5-60.62 step 1
SBY 21:15:31 [/Users/Dilan/Projects/fabric-under-pressure/results/raw/aw_target_scheduler/formal_cover] summary: cover trace: /Users/Dilan/Projects/fabric-under-pressure/results/raw/aw_target_scheduler/formal_cover/engine_0/trace1.vcd
SBY 21:15:31 [/Users/Dilan/Projects/fabric-under-pressure/results/raw/aw_target_scheduler/formal_cover] summary:   reached cover statement aw_target_scheduler_formal._witness_.check_cover_aw_target_scheduler_formal_sv_63_93 at aw_target_scheduler_formal.sv:63.5-63.63 step 1
SBY 21:15:31 [/Users/Dilan/Projects/fabric-under-pressure/results/raw/aw_target_scheduler/formal_cover] summary: cover trace: /Users/Dilan/Projects/fabric-under-pressure/results/raw/aw_target_scheduler/formal_cover/engine_0/trace2.vcd
SBY 21:15:31 [/Users/Dilan/Projects/fabric-under-pressure/results/raw/aw_target_scheduler/formal_cover] summary:   reached cover statement aw_target_scheduler_formal._witness_.check_cover_aw_target_scheduler_formal_sv_61_83 at aw_target_scheduler_formal.sv:61.5-61.62 step 1
SBY 21:15:31 [/Users/Dilan/Projects/fabric-under-pressure/results/raw/aw_target_scheduler/formal_cover] summary: cover trace: /Users/Dilan/Projects/fabric-under-pressure/results/raw/aw_target_scheduler/formal_cover/engine_0/trace3.vcd
SBY 21:15:31 [/Users/Dilan/Projects/fabric-under-pressure/results/raw/aw_target_scheduler/formal_cover] summary:   reached cover statement aw_target_scheduler_formal._witness_.check_cover_aw_target_scheduler_formal_sv_62_88 at aw_target_scheduler_formal.sv:62.5-62.62 step 1
SBY 21:15:31 [/Users/Dilan/Projects/fabric-under-pressure/results/raw/aw_target_scheduler/formal_cover] summary: cover trace: /Users/Dilan/Projects/fabric-under-pressure/results/raw/aw_target_scheduler/formal_cover/engine_0/trace4.vcd
SBY 21:15:31 [/Users/Dilan/Projects/fabric-under-pressure/results/raw/aw_target_scheduler/formal_cover] summary:   reached cover statement aw_target_scheduler_formal._witness_.check_cover_aw_target_scheduler_formal_sv_65_100 at aw_target_scheduler_formal.sv:65.5-65.67 step 1
SBY 21:15:31 [/Users/Dilan/Projects/fabric-under-pressure/results/raw/aw_target_scheduler/formal_cover] summary: and 1 further trace
SBY 21:15:31 [/Users/Dilan/Projects/fabric-under-pressure/results/raw/aw_target_scheduler/formal_cover] summary: see /Users/Dilan/Projects/fabric-under-pressure/results/raw/aw_target_scheduler/formal_cover/PASS for a complete summary
SBY 21:15:31 [/Users/Dilan/Projects/fabric-under-pressure/results/raw/aw_target_scheduler/formal_cover] DONE (PASS, rc=0)
</system-out>
<system-err>
</system-err>
</testsuite>
</testsuites>
