<?xml version='1.0' encoding='utf-8'?>
<testsuites name="cocotb tests"><testsuite name="test_axi_bfm_smoke" errors="0" failures="0" skipped="0" tests="1" time="0.012" timestamp="2026-09-23T00:08:38.380878+00:00" hostname="MacBook-Pro.local"><testcase classname="test_axi_bfm_smoke" name="axi_bfm_qualification" time="0.012"><properties><property name="cocotb" value="True" /><property name="random_seed" value="1790122118" /><property name="file" value="/Users/Dilan/Projects/fabric-under-pressure/tb/cocotb/test_axi_bfm_smoke.py" /><property name="line" value="23" /><property name="sim_time_unit" value="ns" /><property name="sim_time_start" value="0.0" /><property name="sim_time_stop" value="440.0" /><property name="sim_time_duration" value="440.0" /><property name="sim_time_ratio" value="36444.70937924118" /></properties></testcase></testsuite></testsuites>